<?xml version="1.0" encoding="UTF-8"?>
<!-- Generated by org.testng.reporters.JUnitReportReporter -->
<testsuite hostname="BAC033" failures="0" tests="4" name="api.test.UserTests" time="6.703" errors="0" timestamp="2024-02-14T18:26:11 IST" skipped="0">
  <testcase classname="api.test.UserTests" name="testPostUser" time="2.280"/>
  <system-out/>
  <testcase classname="api.test.UserTests" name="testGetUserName" time="1.098"/>
  <system-out/>
  <testcase classname="api.test.UserTests" name="testUpdateUserByName" time="2.215"/>
  <system-out/>
  <testcase classname="api.test.UserTests" name="testDeleteUserByName" time="1.110"/>
  <system-out/>
</testsuite> <!-- api.test.UserTests -->
