<?xml version="1.0" encoding="UTF-8"?>
<!-- Generated by org.testng.reporters.JUnitReportReporter -->
<testsuite hostname="BAC033" failures="0" tests="4" name="api.test.UserTests" time="6.697" errors="0" timestamp="2024-02-12T15:53:48 IST" skipped="0">
  <testcase classname="api.test.UserTests" name="testPostUser" time="2.264"/>
  <system-out/>
  <testcase classname="api.test.UserTests" name="testGetUserName" time="1.110"/>
  <system-out/>
  <testcase classname="api.test.UserTests" name="testUpdateUserByName" time="2.209"/>
  <system-out/>
  <testcase classname="api.test.UserTests" name="testDeleteUserByName" time="1.114"/>
  <system-out/>
</testsuite> <!-- api.test.UserTests -->
