<?xml version="1.0" encoding="UTF-8"?>
<!-- Generated by org.testng.reporters.JUnitReportReporter -->
<testsuite hostname="BAC033" failures="0" tests="3" name="api.test.StoreTest" time="4.848" errors="0" timestamp="2024-02-15T12:15:20 IST" skipped="0">
  <testcase classname="api.test.StoreTest" name="testPostStore" time="2.165"/>
  <system-out/>
  <testcase classname="api.test.StoreTest" name="testGetUserName" time="1.336"/>
  <system-out/>
  <testcase classname="api.test.StoreTest" name="testDeleteUserByName" time="1.347"/>
  <system-out/>
</testsuite> <!-- api.test.StoreTest -->
